TOTAL TESTING SCORE: 93.6%

- - - - - - - - - - - - - - - - - - - - - - - - - - - - - - - - - - - - - - 

SUMMARY BY TEST SET

Test Set                                      Pts Max  % Ttl  % Max
--------------------------------------------- --- --- ------ ------
tests/vm/Rubric.functionality                  48/ 55  43.6%/ 50.0%
tests/vm/Rubric.robustness                     28/ 28  15.0%/ 15.0%
tests/userprog/Rubric.functionality           108/108  10.0%/ 10.0%
tests/userprog/Rubric.robustness               88/ 88   5.0%/  5.0%
tests/filesys/base/Rubric                      30/ 30  20.0%/ 20.0%
--------------------------------------------- --- --- ------ ------
Total                                                  93.6%/100.0%

- - - - - - - - - - - - - - - - - - - - - - - - - - - - - - - - - - - - - - 

SUMMARY OF INDIVIDUAL TESTS

Functionality of virtual memory subsystem (tests/vm/Rubric.functionality):
	- Test stack growth.
	     3/ 3 tests/vm/pt-grow-stack
	  ** 0/ 3 tests/vm/pt-grow-stk-sc
	     3/ 3 tests/vm/pt-big-stk-obj
	     3/ 3 tests/vm/pt-grow-pusha

	- Test paging behavior.
	     3/ 3 tests/vm/page-linear
	     3/ 3 tests/vm/page-parallel
	     3/ 3 tests/vm/page-shuffle
	     4/ 4 tests/vm/page-merge-seq
	     4/ 4 tests/vm/page-merge-par
	     4/ 4 tests/vm/page-merge-mm
	  ** 0/ 4 tests/vm/page-merge-stk

	- Test "mmap" system call.
	     2/ 2 tests/vm/mmap-read
	     2/ 2 tests/vm/mmap-write
	     2/ 2 tests/vm/mmap-shuffle

	     2/ 2 tests/vm/mmap-twice

	     2/ 2 tests/vm/mmap-unmap
	     1/ 1 tests/vm/mmap-exit

	     3/ 3 tests/vm/mmap-clean

	     2/ 2 tests/vm/mmap-close
	     2/ 2 tests/vm/mmap-remove

	- Section summary.
	     18/ 20 tests passed
	     48/ 55 points subtotal

Robustness of virtual memory subsystem (tests/vm/Rubric.robustness):
	- Test robustness of page table support.
	     2/ 2 tests/vm/pt-bad-addr
	     3/ 3 tests/vm/pt-bad-read
	     2/ 2 tests/vm/pt-write-code
	     3/ 3 tests/vm/pt-write-code2
	     4/ 4 tests/vm/pt-grow-bad

	- Test robustness of "mmap" system call.
	     1/ 1 tests/vm/mmap-bad-fd
	     1/ 1 tests/vm/mmap-inherit
	     1/ 1 tests/vm/mmap-null
	     1/ 1 tests/vm/mmap-zero

	     2/ 2 tests/vm/mmap-misalign

	     2/ 2 tests/vm/mmap-over-code
	     2/ 2 tests/vm/mmap-over-data
	     2/ 2 tests/vm/mmap-over-stk
	     2/ 2 tests/vm/mmap-overlap


	- Section summary.
	     14/ 14 tests passed
	     28/ 28 points subtotal

Functionality of system calls (tests/userprog/Rubric.functionality):
	- Test argument passing on Pintos command line.
	     3/ 3 tests/userprog/args-none
	     3/ 3 tests/userprog/args-single
	     3/ 3 tests/userprog/args-multiple
	     3/ 3 tests/userprog/args-many
	     3/ 3 tests/userprog/args-dbl-space

	- Test "create" system call.
	     3/ 3 tests/userprog/create-empty
	     3/ 3 tests/userprog/create-long
	     3/ 3 tests/userprog/create-normal
	     3/ 3 tests/userprog/create-exists

	- Test "open" system call.
	     3/ 3 tests/userprog/open-missing
	     3/ 3 tests/userprog/open-normal
	     3/ 3 tests/userprog/open-twice

	- Test "read" system call.
	     3/ 3 tests/userprog/read-normal
	     3/ 3 tests/userprog/read-zero

	- Test "write" system call.
	     3/ 3 tests/userprog/write-normal
	     3/ 3 tests/userprog/write-zero

	- Test "close" system call.
	     3/ 3 tests/userprog/close-normal

	- Test "exec" system call.
	     5/ 5 tests/userprog/exec-once
	     5/ 5 tests/userprog/exec-multiple
	     5/ 5 tests/userprog/exec-arg

	- Test "wait" system call.
	     5/ 5 tests/userprog/wait-simple
	     5/ 5 tests/userprog/wait-twice

	- Test "exit" system call.
	     5/ 5 tests/userprog/exit

	- Test "halt" system call.
	     3/ 3 tests/userprog/halt

	- Test recursive execution of user programs.
	    15/15 tests/userprog/multi-recurse

	- Test read-only executable feature.
	     3/ 3 tests/userprog/rox-simple
	     3/ 3 tests/userprog/rox-child
	     3/ 3 tests/userprog/rox-multichild

	- Section summary.
	     28/ 28 tests passed
	    108/108 points subtotal

Robustness of system calls (tests/userprog/Rubric.robustness):
	- Test robustness of file descriptor handling.
	     2/ 2 tests/userprog/close-stdin
	     2/ 2 tests/userprog/close-stdout
	     2/ 2 tests/userprog/close-bad-fd
	     2/ 2 tests/userprog/close-twice
	     2/ 2 tests/userprog/read-bad-fd
	     2/ 2 tests/userprog/read-stdout
	     2/ 2 tests/userprog/write-bad-fd
	     2/ 2 tests/userprog/write-stdin
	     2/ 2 tests/userprog/multi-child-fd

	- Test robustness of pointer handling.
	     3/ 3 tests/userprog/create-bad-ptr
	     3/ 3 tests/userprog/exec-bad-ptr
	     3/ 3 tests/userprog/open-bad-ptr
	     3/ 3 tests/userprog/read-bad-ptr
	     3/ 3 tests/userprog/write-bad-ptr

	- Test robustness of buffer copying across page boundaries.
	     3/ 3 tests/userprog/create-bound
	     3/ 3 tests/userprog/open-boundary
	     3/ 3 tests/userprog/read-boundary
	     3/ 3 tests/userprog/write-boundary

	- Test handling of null pointer and empty strings.
	     2/ 2 tests/userprog/create-null
	     2/ 2 tests/userprog/open-null
	     2/ 2 tests/userprog/open-empty

	- Test robustness of system call implementation.
	     3/ 3 tests/userprog/sc-bad-arg
	     3/ 3 tests/userprog/sc-bad-sp
	     5/ 5 tests/userprog/sc-boundary
	     5/ 5 tests/userprog/sc-boundary-2

	- Test robustness of "exec" and "wait" system calls.
	     5/ 5 tests/userprog/exec-missing
	     5/ 5 tests/userprog/wait-bad-pid
	     5/ 5 tests/userprog/wait-killed

	- Test robustness of exception handling.
	     1/ 1 tests/userprog/bad-read
	     1/ 1 tests/userprog/bad-write
	     1/ 1 tests/userprog/bad-jump
	     1/ 1 tests/userprog/bad-read2
	     1/ 1 tests/userprog/bad-write2
	     1/ 1 tests/userprog/bad-jump2

	- Section summary.
	     34/ 34 tests passed
	     88/ 88 points subtotal

Functionality of base file system (tests/filesys/base/Rubric):
	- Test basic support for small files.
	     1/ 1 tests/filesys/base/sm-create
	     2/ 2 tests/filesys/base/sm-full
	     2/ 2 tests/filesys/base/sm-random
	     2/ 2 tests/filesys/base/sm-seq-block
	     3/ 3 tests/filesys/base/sm-seq-random

	- Test basic support for large files.
	     1/ 1 tests/filesys/base/lg-create
	     2/ 2 tests/filesys/base/lg-full
	     2/ 2 tests/filesys/base/lg-random
	     2/ 2 tests/filesys/base/lg-seq-block
	     3/ 3 tests/filesys/base/lg-seq-random

	- Test synchronized multiprogram access to files.
	     4/ 4 tests/filesys/base/syn-read
	     4/ 4 tests/filesys/base/syn-write
	     2/ 2 tests/filesys/base/syn-remove

	- Section summary.
	     13/ 13 tests passed
	     30/ 30 points subtotal


- - - - - - - - - - - - - - - - - - - - - - - - - - - - - - - - - - - - - - 

DETAILS OF tests/vm/pt-grow-stk-sc FAILURE:

Test output failed to match any acceptable form.

Acceptable output:
  (pt-grow-stk-sc) begin
  (pt-grow-stk-sc) create "sample.txt"
  (pt-grow-stk-sc) open "sample.txt"
  (pt-grow-stk-sc) write "sample.txt"
  (pt-grow-stk-sc) 2nd open "sample.txt"
  (pt-grow-stk-sc) read "sample.txt"
  (pt-grow-stk-sc) compare written data against read data
  (pt-grow-stk-sc) end
Differences in `diff -u' format:
  (pt-grow-stk-sc) begin
  (pt-grow-stk-sc) create "sample.txt"
  (pt-grow-stk-sc) open "sample.txt"
  (pt-grow-stk-sc) write "sample.txt"
  (pt-grow-stk-sc) 2nd open "sample.txt"
  (pt-grow-stk-sc) read "sample.txt"
- (pt-grow-stk-sc) compare written data against read data
- (pt-grow-stk-sc) end

(Process exit codes are excluded for matching purposes.)

OUTPUT FROM tests/vm/pt-grow-stk-sc:

Copying tests/vm/pt-grow-stk-sc into /tmp/gicKFHkmlQ.dsk...
Writing command line to /tmp/rm7NaA2zV3.dsk...
squish-pty bochs -q
Kernel command line: -q -f put pt-grow-stk-sc run pt-grow-stk-sc
Pintos booting with 4,096 kB RAM...
374 pages available in kernel pool.
373 pages available in user pool.
Calibrating timer...  204,600 loops/s.
hd0:0: detected 1,008 sector (504 kB) disk, model "Generic 1234", serial "BXHD00011"
hd0:1: detected 4,032 sector (1 MB) disk, model "Generic 1234", serial "BXHD00012"
hd1:0: detected 1,008 sector (504 kB) disk, model "Generic 1234", serial "BXHD00021"
hd1:1: detected 8,064 sector (3 MB) disk, model "Generic 1234", serial "BXHD00022"
Formatting file system...done.
Boot complete.
Putting 'pt-grow-stk-sc' into the file system...
Executing 'pt-grow-stk-sc':
(pt-grow-stk-sc) begin
(pt-grow-stk-sc) create "sample.txt"
(pt-grow-stk-sc) open "sample.txt"
(pt-grow-stk-sc) write "sample.txt"
(pt-grow-stk-sc) 2nd open "sample.txt"
(pt-grow-stk-sc) read "sample.txt"
pt-grow-stk-sc: exit(-1)
Execution of 'pt-grow-stk-sc' complete.
Timer: 344 ticks
Thread: 0 idle ticks, 259 kernel ticks, 92 user ticks
hd0:0: 0 reads, 0 writes
hd0:1: 103 reads, 218 writes
hd1:0: 101 reads, 0 writes
hd1:1: 0 reads, 0 writes
Console: 1116 characters output
Keyboard: 0 keys pressed
Exception: 5 page faults
Powering off...

- - - - - - - - - - - - - - - - - - - - - - - - - - - - - - - - - - - - - - 

DETAILS OF tests/vm/page-merge-stk FAILURE:

run: TIMEOUT after 60 seconds of host CPU time

OUTPUT FROM tests/vm/page-merge-stk:

Copying tests/vm/page-merge-stk into /tmp/lh1HFscM7E.dsk...
Copying tests/vm/child-qsort into /tmp/lh1HFscM7E.dsk...
Writing command line to /tmp/SjIOvx3VVD.dsk...
squish-pty bochs -q
Kernel command line: -q -f put page-merge-stk put child-qsort run page-merge-stk
Pintos booting with 4,096 kB RAM...
374 pages available in kernel pool.
373 pages available in user pool.
Calibrating timer...  204,600 loops/s.
hd0:0: detected 1,008 sector (504 kB) disk, model "Generic 1234", serial "BXHD00011"
hd0:1: detected 4,032 sector (1 MB) disk, model "Generic 1234", serial "BXHD00012"
hd1:0: detected 1,008 sector (504 kB) disk, model "Generic 1234", serial "BXHD00021"
hd1:1: detected 8,064 sector (3 MB) disk, model "Generic 1234", serial "BXHD00022"
Formatting file system...done.
Boot complete.
Putting 'page-merge-stk' into the file system...
Putting 'child-qsort' into the file system...
Executing 'page-merge-stk':
(page-merge-stk) begin
(page-merge-stk) init
(page-merge-stk) sort chunk 0
(page-merge-stk) sort chunk 1
child-qsort: exit(-1)

TIMEOUT after 60 seconds of host CPU time
