TOTAL TESTING SCORE: 79.0%

- - - - - - - - - - - - - - - - - - - - - - - - - - - - - - - - - - - - - - 

SUMMARY BY TEST SET

Test Set                                      Pts Max  % Ttl  % Max
--------------------------------------------- --- --- ------ ------
tests/userprog/Rubric.functionality           103/108  33.4%/ 35.0%
tests/userprog/Rubric.robustness               83/ 88  23.6%/ 25.0%
tests/userprog/no-vm/Rubric                     0/  1   0.0%/ 10.0%
tests/filesys/base/Rubric                      22/ 30  22.0%/ 30.0%
--------------------------------------------- --- --- ------ ------
Total                                                  79.0%/100.0%

- - - - - - - - - - - - - - - - - - - - - - - - - - - - - - - - - - - - - - 

SUMMARY OF INDIVIDUAL TESTS

Functionality of system calls (tests/userprog/Rubric.functionality):
	- Test argument passing on Pintos command line.
	     3/ 3 tests/userprog/args-none
	     3/ 3 tests/userprog/args-single
	     3/ 3 tests/userprog/args-multiple
	     3/ 3 tests/userprog/args-many
	     3/ 3 tests/userprog/args-dbl-space

	- Test "create" system call.
	     3/ 3 tests/userprog/create-empty
	     3/ 3 tests/userprog/create-long
	     3/ 3 tests/userprog/create-normal
	     3/ 3 tests/userprog/create-exists

	- Test "open" system call.
	     3/ 3 tests/userprog/open-missing
	     3/ 3 tests/userprog/open-normal
	     3/ 3 tests/userprog/open-twice

	- Test "read" system call.
	     3/ 3 tests/userprog/read-normal
	     3/ 3 tests/userprog/read-zero

	- Test "write" system call.
	     3/ 3 tests/userprog/write-normal
	     3/ 3 tests/userprog/write-zero

	- Test "close" system call.
	     3/ 3 tests/userprog/close-normal

	- Test "exec" system call.
	     5/ 5 tests/userprog/exec-once
	  ** 0/ 5 tests/userprog/exec-multiple
	     5/ 5 tests/userprog/exec-arg

	- Test "wait" system call.
	     5/ 5 tests/userprog/wait-simple
	     5/ 5 tests/userprog/wait-twice

	- Test "exit" system call.
	     5/ 5 tests/userprog/exit

	- Test "halt" system call.
	     3/ 3 tests/userprog/halt

	- Test recursive execution of user programs.
	    15/15 tests/userprog/multi-recurse

	- Test read-only executable feature.
	     3/ 3 tests/userprog/rox-simple
	     3/ 3 tests/userprog/rox-child
	     3/ 3 tests/userprog/rox-multichild

	- Section summary.
	     27/ 28 tests passed
	    103/108 points subtotal

Robustness of system calls (tests/userprog/Rubric.robustness):
	- Test robustness of file descriptor handling.
	     2/ 2 tests/userprog/close-stdin
	     2/ 2 tests/userprog/close-stdout
	     2/ 2 tests/userprog/close-bad-fd
	     2/ 2 tests/userprog/close-twice
	     2/ 2 tests/userprog/read-bad-fd
	     2/ 2 tests/userprog/read-stdout
	     2/ 2 tests/userprog/write-bad-fd
	     2/ 2 tests/userprog/write-stdin
	     2/ 2 tests/userprog/multi-child-fd

	- Test robustness of pointer handling.
	     3/ 3 tests/userprog/create-bad-ptr
	     3/ 3 tests/userprog/exec-bad-ptr
	     3/ 3 tests/userprog/open-bad-ptr
	     3/ 3 tests/userprog/read-bad-ptr
	     3/ 3 tests/userprog/write-bad-ptr

	- Test robustness of buffer copying across page boundaries.
	     3/ 3 tests/userprog/create-bound
	     3/ 3 tests/userprog/open-boundary
	     3/ 3 tests/userprog/read-boundary
	     3/ 3 tests/userprog/write-boundary

	- Test handling of null pointer and empty strings.
	     2/ 2 tests/userprog/create-null
	     2/ 2 tests/userprog/open-null
	     2/ 2 tests/userprog/open-empty

	- Test robustness of system call implementation.
	     3/ 3 tests/userprog/sc-bad-arg
	     3/ 3 tests/userprog/sc-bad-sp
	     5/ 5 tests/userprog/sc-boundary
	     5/ 5 tests/userprog/sc-boundary-2

	- Test robustness of "exec" and "wait" system calls.
	  ** 0/ 5 tests/userprog/exec-missing
	     5/ 5 tests/userprog/wait-bad-pid
	     5/ 5 tests/userprog/wait-killed

	- Test robustness of exception handling.
	     1/ 1 tests/userprog/bad-read
	     1/ 1 tests/userprog/bad-write
	     1/ 1 tests/userprog/bad-jump
	     1/ 1 tests/userprog/bad-read2
	     1/ 1 tests/userprog/bad-write2
	     1/ 1 tests/userprog/bad-jump2

	- Section summary.
	     33/ 34 tests passed
	     83/ 88 points subtotal

Functionality of features that VM might break (tests/userprog/no-vm/Rubric):

	  ** 0/ 1 tests/userprog/no-vm/multi-oom

	- Section summary.
	      0/  1 tests passed
	      0/  1 points subtotal

Functionality of base file system (tests/filesys/base/Rubric):
	- Test basic support for small files.
	     1/ 1 tests/filesys/base/sm-create
	     2/ 2 tests/filesys/base/sm-full
	     2/ 2 tests/filesys/base/sm-random
	     2/ 2 tests/filesys/base/sm-seq-block
	     3/ 3 tests/filesys/base/sm-seq-random

	- Test basic support for large files.
	     1/ 1 tests/filesys/base/lg-create
	     2/ 2 tests/filesys/base/lg-full
	     2/ 2 tests/filesys/base/lg-random
	     2/ 2 tests/filesys/base/lg-seq-block
	     3/ 3 tests/filesys/base/lg-seq-random

	- Test synchronized multiprogram access to files.
	  ** 0/ 4 tests/filesys/base/syn-read
	  ** 0/ 4 tests/filesys/base/syn-write
	     2/ 2 tests/filesys/base/syn-remove

	- Section summary.
	     11/ 13 tests passed
	     22/ 30 points subtotal


- - - - - - - - - - - - - - - - - - - - - - - - - - - - - - - - - - - - - - 

DETAILS OF tests/userprog/exec-multiple FAILURE:

Test output failed to match any acceptable form.

Acceptable output:
  (exec-multiple) begin
  (child-simple) run
  child-simple: exit(81)
  (child-simple) run
  child-simple: exit(81)
  (child-simple) run
  child-simple: exit(81)
  (child-simple) run
  child-simple: exit(81)
  (exec-multiple) end
  exec-multiple: exit(0)
Differences in `diff -u' format:
  (exec-multiple) begin
  (child-simple) run
  child-simple: exit(81)
  (child-simple) run
- child-simple: exit(81)
- (child-simple) run
- child-simple: exit(81)
- (child-simple) run
- child-simple: exit(81)
- (exec-multiple) end
- exec-multiple: exit(0)
+ exec-multiple: exit(-1)

OUTPUT FROM tests/userprog/exec-multiple:

Copying tests/userprog/exec-multiple into /tmp/lEBx3o6pVd.dsk...
Copying tests/userprog/child-simple into /tmp/lEBx3o6pVd.dsk...
Writing command line to /tmp/N7WXyY9bx1.dsk...
qemu -hda /tmp/N7WXyY9bx1.dsk -hdb /tmp/E6iUhh6hWm.dsk -hdc /tmp/lEBx3o6pVd.dsk -m 4 -net none -nographic -monitor null
Kernel command line: -q -f put exec-multiple put child-simple run exec-multiple
Pintos booting with 4,096 kB RAM...
374 pages available in kernel pool.
374 pages available in user pool.
Calibrating timer...  157,081,600 loops/s.
hd0:0: detected 137 sector (68 kB) disk, model "QEMU HARDDISK", serial "QM00001"
hd0:1: detected 4,032 sector (1 MB) disk, model "QEMU HARDDISK", serial "QM00002"
hd1:0: detected 195 sector (97 kB) disk, model "QEMU HARDDISK", serial "QM00003"
Formatting file system...done.
Boot complete.
Putting 'exec-multiple' into the file system...
Putting 'child-simple' into the file system...
Executing 'exec-multiple':
(exec-multiple) begin
(child-simple) run
child-simple: exit(81)
(child-simple) run
exec-multiple: exit(-1)
Execution of 'exec-multiple' complete.
Timer: 55 ticks
Thread: 0 idle ticks, 55 kernel ticks, 0 user ticks
hd0:0: 0 reads, 0 writes
hd0:1: 167 reads, 400 writes
hd1:0: 195 reads, 0 writes
Console: 936 characters output
Keyboard: 0 keys pressed
Exception: 1 page faults
Powering off...

- - - - - - - - - - - - - - - - - - - - - - - - - - - - - - - - - - - - - - 

DETAILS OF tests/userprog/exec-missing FAILURE:

Kernel panic in run: PANIC at ../../threads/palloc.c:147 in palloc_free_multiple(): assertion `bitmap_all (pool->used_map, page_idx, page_cnt)' failed.
Call stack: 0xc010716c 0xc0102de3 0xc0102e27 0xc01092b0 0xc010a94b 0xc010adcb 0xc010177d 0xc01018af 0x804a0c2 0x80480b2 0x80480fc 0x8048750
Translation of call stack:
In kernel.o:
0xc010716c: debug_panic (.../../lib/kernel/debug.c:34)
0xc0102de3: palloc_free_multiple (..../../threads/palloc.c:148)
0xc0102e27: palloc_free_page (..../../threads/palloc.c:156)
0xc01092b0: process_execute (.../../userprog/process.c:69)
0xc010a94b: exec (...../userprog/syscall.c:208)
0xc010adcb: syscall_handler (...../userprog/syscall.c:158)
0xc010177d: intr_handler (..../threads/interrupt.c:361)
0xc01018af: intr_entry (threads/intr-stubs.S:38)
In tests/userprog/exec-missing:
0x0804a0c2: exec (.../../lib/user/syscall.c:81)
0x080480b2: test_main (...serprog/exec-missing.c:11)
0x080480fc: main (...ild/../../tests/main.c:13)
0x08048750: _start (.../../../lib/user/entry.c:9)
Translations of user virtual addresses above are based on a guess at
the binary to use.  If this guess is incorrect, then those
translations will be misleading.

OUTPUT FROM tests/userprog/exec-missing:

Copying tests/userprog/exec-missing into /tmp/pp0nzpoQtV.dsk...
Writing command line to /tmp/UOO5qSOj02.dsk...
qemu -hda /tmp/UOO5qSOj02.dsk -hdb /tmp/lXAkEhfd1A.dsk -hdc /tmp/pp0nzpoQtV.dsk -m 4 -net none -nographic -monitor null
Kernel command line: -q -f put exec-missing run exec-missing
Pintos booting with 4,096 kB RAM...
374 pages available in kernel pool.
374 pages available in user pool.
Calibrating timer...  157,081,600 loops/s.
hd0:0: detected 137 sector (68 kB) disk, model "QEMU HARDDISK", serial "QM00001"
hd0:1: detected 4,032 sector (1 MB) disk, model "QEMU HARDDISK", serial "QM00002"
hd1:0: detected 98 sector (49 kB) disk, model "QEMU HARDDISK", serial "QM00003"
Formatting file system...done.
Boot complete.
Putting 'exec-missing' into the file system...
Executing 'exec-missing':
(exec-missing) begin
load: no-such-file: open failed
failKernel PANIC at ../../threads/palloc.c:147 in palloc_free_multiple(): assertion `bitmap_all (pool->used_map, page_idx, page_cnt)' failed.
Call stack: 0xc010716c 0xc0102de3 0xc0102e27 0xc01092b0 0xc010a94b 0xc010adcb 0xc010177d 0xc01018af 0x804a0c2 0x80480b2 0x80480fc 0x8048750.
The `backtrace' program can make call stacks useful.
Read "Backtraces" in the "Debugging Tools" chapter
of the Pintos documentation for more information.
Timer: 53 ticks
Thread: 0 idle ticks, 53 kernel ticks, 0 user ticks
hd0:0: 0 reads, 0 writes
hd0:1: 79 reads, 204 writes
hd1:0: 98 reads, 0 writes
Console: 1209 characters output
Keyboard: 0 keys pressed
Exception: 0 page faults
Powering off...

- - - - - - - - - - - - - - - - - - - - - - - - - - - - - - - - - - - - - - 

DETAILS OF tests/userprog/no-vm/multi-oom FAILURE:

run: wait returned -1.: FAILED

OUTPUT FROM tests/userprog/no-vm/multi-oom:

Copying tests/userprog/no-vm/multi-oom into /tmp/9vpPXZ85Qr.dsk...
Writing command line to /tmp/QpNHHrGeeo.dsk...
qemu -hda /tmp/QpNHHrGeeo.dsk -hdb /tmp/gC4JTVHNFr.dsk -hdc /tmp/9vpPXZ85Qr.dsk -m 4 -net none -nographic -monitor null
Kernel command line: -q -f put multi-oom run multi-oom
Pintos booting with 4,096 kB RAM...
374 pages available in kernel pool.
374 pages available in user pool.
Calibrating timer...  157,081,600 loops/s.
hd0:0: detected 137 sector (68 kB) disk, model "QEMU HARDDISK", serial "QM00001"
hd0:1: detected 4,032 sector (1 MB) disk, model "QEMU HARDDISK", serial "QM00002"
hd1:0: detected 114 sector (57 kB) disk, model "QEMU HARDDISK", serial "QM00003"
Formatting file system...done.
Boot complete.
Putting 'multi-oom' into the file system...
Executing 'multi-oom':
(multi-oom) begin
multi-oom: exit(-1)
multi-oom: exit(-1)
(multi-oom) wait returned -1.: FAILED
multi-oom: exit(1)
multi-oom: exit(1)
multi-oom: exit(1)
multi-oom: exit(1)
multi-oom: exit(1)
multi-oom: exit(1)
multi-oom: exit(1)
multi-oom: exit(1)
multi-oom: exit(1)
multi-oom: exit(1)
multi-oom: exit(1)
multi-oom: exit(1)
multi-oom: exit(1)
multi-oom: exit(1)
multi-oom: exit(1)
multi-oom: exit(-1)
Execution of 'multi-oom' complete.
Timer: 74 ticks
Thread: 0 idle ticks, 55 kernel ticks, 19 user ticks
hd0:0: 0 reads, 0 writes
hd0:1: 4585 reads, 236 writes
hd1:0: 114 reads, 0 writes
Console: 1148 characters output
Keyboard: 0 keys pressed
Exception: 3 page faults
Powering off...

- - - - - - - - - - - - - - - - - - - - - - - - - - - - - - - - - - - - - - 

DETAILS OF tests/filesys/base/syn-read FAILURE:

run: wait for child 1 of 10 returned -1 (expected 0): FAILED

OUTPUT FROM tests/filesys/base/syn-read:

Copying tests/filesys/base/syn-read into /tmp/LIQoNDne64.dsk...
Copying tests/filesys/base/child-syn-read into /tmp/LIQoNDne64.dsk...
Writing command line to /tmp/jJv8O62s7b.dsk...
qemu -hda /tmp/jJv8O62s7b.dsk -hdb /tmp/YhdHhg4e0N.dsk -hdc /tmp/LIQoNDne64.dsk -m 4 -net none -nographic -monitor null
Kernel command line: -q -f put syn-read put child-syn-read run syn-read
Pintos booting with 4,096 kB RAM...
374 pages available in kernel pool.
374 pages available in user pool.
Calibrating timer...  157,081,600 loops/s.
hd0:0: detected 137 sector (68 kB) disk, model "QEMU HARDDISK", serial "QM00001"
hd0:1: detected 4,032 sector (1 MB) disk, model "QEMU HARDDISK", serial "QM00002"
hd1:0: detected 215 sector (107 kB) disk, model "QEMU HARDDISK", serial "QM00003"
Formatting file system...done.
Boot complete.
Putting 'syn-read' into the file system...
Putting 'child-syn-read' into the file system...
Executing 'syn-read':
(syn-read) begin
(syn-read) create "data"
(syn-read) open "data"
(syn-read) write "data"
(syn-read) close "data"
(syn-read) exec child 1 of 10: "child-syn-read 0"
(syn-read) exec child 2 of 10: "child-syn-read 1"
(syn-read) exec child 3 of 10: "child-syn-read 2"
(syn-read) exec child 4 of 10: "child-syn-read 3"
(syn-read) exec child 5 of 10: "child-syn-read 4"
(syn-read) exec child 6 of 10: "child-syn-read 5"
(syn-read) exec child 7 of 10: "child-syn-read 6"
(syn-read) exec child 8 of 10: "child-syn-read 7"
(syn-read) exec child 9 of 10: "child-syn-read 8"
(syn-read) exec child 10 of 10: "child-syn-read 9"
(syn-read) wait for child 1 of 10 returned -1 (expected 0)
(syn-read) wait for child 1 of 10 returned -1 (expected 0): FAILED
syn-read: exit(1)
Execution of 'syn-read' complete.
Timer: 89 ticks
Thread: 0 idle ticks, 54 kernel ticks, 35 user ticks
hd0:0: 0 reads, 0 writes
hd0:1: 10770 reads, 448 writes
hd1:0: 215 reads, 0 writes
Console: 1570 characters output
Keyboard: 0 keys pressed
Exception: 0 page faults
Powering off...

- - - - - - - - - - - - - - - - - - - - - - - - - - - - - - - - - - - - - - 

DETAILS OF tests/filesys/base/syn-write FAILURE:

run: wait for child 1 of 10 returned -1 (expected 0): FAILED

OUTPUT FROM tests/filesys/base/syn-write:

Copying tests/filesys/base/syn-write into /tmp/Fp21q4OgVy.dsk...
Copying tests/filesys/base/child-syn-wrt into /tmp/Fp21q4OgVy.dsk...
Writing command line to /tmp/aUvEUIdMQe.dsk...
qemu -hda /tmp/aUvEUIdMQe.dsk -hdb /tmp/IqG7fXeZLI.dsk -hdc /tmp/Fp21q4OgVy.dsk -m 4 -net none -nographic -monitor null
Kernel command line: -q -f put syn-write put child-syn-wrt run syn-write
Pintos booting with 4,096 kB RAM...
374 pages available in kernel pool.
374 pages available in user pool.
Calibrating timer...  157,081,600 loops/s.
hd0:0: detected 137 sector (68 kB) disk, model "QEMU HARDDISK", serial "QM00001"
hd0:1: detected 4,032 sector (1 MB) disk, model "QEMU HARDDISK", serial "QM00002"
hd1:0: detected 216 sector (108 kB) disk, model "QEMU HARDDISK", serial "QM00003"
Formatting file system...done.
Boot complete.
Putting 'syn-write' into the file system...
Putting 'child-syn-wrt' into the file system...
Executing 'syn-write':
(syn-write) begin
(syn-write) create "stuff"
(syn-write) exec child 1 of 10: "child-syn-wrt 0"
(syn-write) exec child 2 of 10: "child-syn-wrt 1"
(syn-write) exec child 3 of 10: "child-syn-wrt 2"
(syn-write) exec child 4 of 10: "child-syn-wrt 3"
(syn-write) exec child 5 of 10: "child-syn-wrt 4"
(syn-write) exec child 6 of 10: "child-syn-wrt 5"
(syn-write) exec child 7 of 10: "child-syn-wrt 6"
(syn-write) exec child 8 of 10: "child-syn-wrt 7"
(syn-write) exec child 9 of 10: "child-syn-wrt 8"
(syn-write) exec child 10 of 10: "child-syn-wrt 9"
(syn-write) wait for child 1 of 10 returned -1 (expected 0)
(syn-write) wait for child 1 of 10 returned -1 (expected 0): FAILED
syn-write: exit(1)
Execution of 'syn-write' complete.
Timer: 58 ticks
Thread: 0 idle ticks, 54 kernel ticks, 4 user ticks
hd0:0: 0 reads, 0 writes
hd0:1: 515 reads, 466 writes
hd1:0: 216 reads, 0 writes
Console: 1505 characters output
Keyboard: 0 keys pressed
Exception: 0 page faults
Powering off...
